<?xml version="1.0" encoding="UTF-8"?>
<!-- Generated by org.testng.reporters.JUnitXMLReporter -->
<testsuite ignored="0" hostname="LIN-D2BMBK3" failures="0" tests="3" name="Submit Order Test" time="26.003" errors="0" timestamp="2025-04-05T17:11:00 IST">
  <testcase classname="AutomationTestingFrameworkDesign.PracticeStandAloneApplication" name="submitOrder" time="5.691"/>
  <testcase classname="AutomationTestingFrameworkDesign.PracticeStandAloneApplication" name="submitOrder" time="4.911"/>
  <testcase classname="AutomationTestingFrameworkDesign.PracticeStandAloneApplication" name="orderHistoryTest" time="0.932"/>
</testsuite> <!-- Submit Order Test -->
