<?xml version="1.0" encoding="UTF-8"?>
<!-- Generated by org.testng.reporters.JUnitXMLReporter -->
<testsuite ignored="0" hostname="LIN-D2BMBK3" failures="0" tests="2" name="Error Validation Test" time="0.132" errors="0" timestamp="2025-04-01T16:03:55 IST">
  <testcase classname="AutomationTestingFrameworkDesign.ErrorValidationTest" name="loginErrorValidatation" time="0.001">
    <skipped/>
  </testcase> <!-- loginErrorValidatation -->
  <testcase classname="AutomationTestingFrameworkDesign.ErrorValidationTest" name="productErrorValidatation" time="0.0">
    <skipped/>
  </testcase> <!-- productErrorValidatation -->
</testsuite> <!-- Error Validation Test -->
